<?xml version="1.0" encoding="UTF-8" standalone="no"?>
<!DOCTYPE log SYSTEM "logger.dtd">
<log>
<record>
  <date>2019-08-26T17:53:02.857-0300</date>
  <logger>RUAN GOMES DE OLIVEIRA ALVES</logger>
  <level>FINE</level>
  <message>File 118210616-RUAN GOMES DE OLIVEIRA ALVES.zip was received. It was sent by RUAN GOMES DE OLIVEIRA ALVES from IP 150.165.42.147 at 26-08-2019 17*53*02</message>
</record>
</log>
<?xml version="1.0" encoding="UTF-8" standalone="no"?>
<!DOCTYPE log SYSTEM "logger.dtd">
<log>
<record>
  <date>2019-08-26T19:42:24.558-0300</date>
  <logger>RUAN GOMES DE OLIVEIRA ALVES</logger>
  <level>FINE</level>
  <message>File 118210616-RUAN GOMES DE OLIVEIRA ALVES.zip was received. It was sent by RUAN GOMES DE OLIVEIRA ALVES from IP 192.168.15.5 at 26-08-2019 19*42*24</message>
</record>
</log>
<?xml version="1.0" encoding="UTF-8" standalone="no"?>
<!DOCTYPE log SYSTEM "logger.dtd">
<log>
<record>
  <date>2019-08-26T19:43:09.069-0300</date>
  <logger>RUAN GOMES DE OLIVEIRA ALVES</logger>
  <level>FINE</level>
  <message>File 118210616-RUAN GOMES DE OLIVEIRA ALVES.zip was received. It was sent by RUAN GOMES DE OLIVEIRA ALVES from IP 192.168.15.5 at 26-08-2019 19*43*09</message>
</record>
</log>
<?xml version="1.0" encoding="UTF-8" standalone="no"?>
<!DOCTYPE log SYSTEM "logger.dtd">
<log>
<record>
  <date>2019-08-26T19:44:33.470-0300</date>
  <logger>RUAN GOMES DE OLIVEIRA ALVES</logger>
  <level>FINE</level>
  <message>File 118210616-RUAN GOMES DE OLIVEIRA ALVES.zip was received. It was sent by RUAN GOMES DE OLIVEIRA ALVES from IP 192.168.15.5 at 26-08-2019 19*44*33</message>
</record>
</log>
<?xml version="1.0" encoding="UTF-8" standalone="no"?>
<!DOCTYPE log SYSTEM "logger.dtd">
<log>
<record>
  <date>2019-08-26T20:54:54.628-0300</date>
  <logger>RUAN GOMES DE OLIVEIRA ALVES</logger>
  <level>FINE</level>
  <message>File 118210616-RUAN GOMES DE OLIVEIRA ALVES.zip was received. It was sent by RUAN GOMES DE OLIVEIRA ALVES from IP 192.168.15.5 at 26-08-2019 20*54*54</message>
</record>
</log>
<?xml version="1.0" encoding="UTF-8" standalone="no"?>
<!DOCTYPE log SYSTEM "logger.dtd">
<log>
<record>
  <date>2019-08-26T20:59:17.958-0300</date>
  <logger>RUAN GOMES DE OLIVEIRA ALVES</logger>
  <level>FINE</level>
  <message>File 118210616-RUAN GOMES DE OLIVEIRA ALVES.zip was received. It was sent by RUAN GOMES DE OLIVEIRA ALVES from IP 192.168.15.5 at 26-08-2019 20*59*17</message>
</record>
</log>
<?xml version="1.0" encoding="UTF-8" standalone="no"?>
<!DOCTYPE log SYSTEM "logger.dtd">
<log>
<record>
  <date>2019-08-26T21:01:48.095-0300</date>
  <logger>RUAN GOMES DE OLIVEIRA ALVES</logger>
  <level>FINE</level>
  <message>File 118210616-RUAN GOMES DE OLIVEIRA ALVES.zip was received. It was sent by RUAN GOMES DE OLIVEIRA ALVES from IP 192.168.15.5 at 26-08-2019 21*01*48</message>
</record>
</log>
<?xml version="1.0" encoding="UTF-8" standalone="no"?>
<!DOCTYPE log SYSTEM "logger.dtd">
<log>
<record>
  <date>2019-08-26T21:16:17.013-0300</date>
  <logger>RUAN GOMES DE OLIVEIRA ALVES</logger>
  <level>FINE</level>
  <message>File 118210616-RUAN GOMES DE OLIVEIRA ALVES.zip was received. It was sent by RUAN GOMES DE OLIVEIRA ALVES from IP 192.168.15.5 at 26-08-2019 21*16*16</message>
</record>
</log>
<?xml version="1.0" encoding="UTF-8" standalone="no"?>
<!DOCTYPE log SYSTEM "logger.dtd">
<log>
<record>
  <date>2019-08-26T21:59:54.144-0300</date>
  <logger>RUAN GOMES DE OLIVEIRA ALVES</logger>
  <level>FINE</level>
  <message>File 118210616-RUAN GOMES DE OLIVEIRA ALVES.zip was received. It was sent by RUAN GOMES DE OLIVEIRA ALVES from IP 192.168.15.5 at 26-08-2019 21*59*54</message>
</record>
