<?xml version="1.0" encoding="UTF-8" standalone="no"?>
<!DOCTYPE log SYSTEM "logger.dtd">
<log>
<record>
  <date>2019-10-10T20:19:38.377-0300</date>
  <logger>RUAN GOMES DE OLIVEIRA ALVES</logger>
  <level>FINE</level>
  <message>File 118210616-RUAN GOMES DE OLIVEIRA ALVES.zip was received. It was sent by RUAN GOMES DE OLIVEIRA ALVES from IP 192.168.15.5 at 10-10-2019 20*19*38</message>
</record>
</log>
<?xml version="1.0" encoding="UTF-8" standalone="no"?>
<!DOCTYPE log SYSTEM "logger.dtd">
<log>
<record>
  <date>2019-10-10T20:24:49.445-0300</date>
  <logger>RUAN GOMES DE OLIVEIRA ALVES</logger>
  <level>FINE</level>
  <message>File 118210616-RUAN GOMES DE OLIVEIRA ALVES.zip was received. It was sent by RUAN GOMES DE OLIVEIRA ALVES from IP 192.168.15.5 at 10-10-2019 20*24*49</message>
</record>
</log>
<?xml version="1.0" encoding="UTF-8" standalone="no"?>
<!DOCTYPE log SYSTEM "logger.dtd">
<log>
<record>
  <date>2019-10-10T21:30:05.405-0300</date>
  <logger>RUAN GOMES DE OLIVEIRA ALVES</logger>
  <level>FINE</level>
  <message>File 118210616-RUAN GOMES DE OLIVEIRA ALVES.zip was received. It was sent by RUAN GOMES DE OLIVEIRA ALVES from IP 192.168.15.5 at 10-10-2019 21*30*05</message>
</record>
</log>
<?xml version="1.0" encoding="UTF-8" standalone="no"?>
<!DOCTYPE log SYSTEM "logger.dtd">
<log>
<record>
  <date>2019-10-10T21:33:24.550-0300</date>
  <logger>RUAN GOMES DE OLIVEIRA ALVES</logger>
  <level>FINE</level>
  <message>File 118210616-RUAN GOMES DE OLIVEIRA ALVES.zip was received. It was sent by RUAN GOMES DE OLIVEIRA ALVES from IP 192.168.15.5 at 10-10-2019 21*33*24</message>
</record>
