<?xml version="1.0" encoding="UTF-8" standalone="no"?>
<!DOCTYPE log SYSTEM "logger.dtd">
<log>
<record>
  <date>2019-08-29T14:25:10.010-0300</date>
  <logger>RUAN GOMES DE OLIVEIRA ALVES</logger>
  <level>FINE</level>
  <message>File 118210616-RUAN GOMES DE OLIVEIRA ALVES.zip was received. It was sent by RUAN GOMES DE OLIVEIRA ALVES from IP 150.165.42.151 at 29-08-2019 14*25*09</message>
</record>
</log>
<?xml version="1.0" encoding="UTF-8" standalone="no"?>
<!DOCTYPE log SYSTEM "logger.dtd">
<log>
<record>
  <date>2019-08-29T15:46:13.422-0300</date>
  <logger>RUAN GOMES DE OLIVEIRA ALVES</logger>
  <level>FINE</level>
  <message>File 118210616-RUAN GOMES DE OLIVEIRA ALVES.zip was received. It was sent by RUAN GOMES DE OLIVEIRA ALVES from IP 150.165.42.151 at 29-08-2019 15*46*13</message>
</record>
</log>
<?xml version="1.0" encoding="UTF-8" standalone="no"?>
<!DOCTYPE log SYSTEM "logger.dtd">
<log>
<record>
  <date>2019-08-29T22:09:10.166-0300</date>
  <logger>RUAN GOMES DE OLIVEIRA ALVES</logger>
  <level>FINE</level>
  <message>File 118210616-RUAN GOMES DE OLIVEIRA ALVES.zip was received. It was sent by RUAN GOMES DE OLIVEIRA ALVES from IP 192.168.15.5 at 29-08-2019 22*09*10</message>
</record>
</log>
<?xml version="1.0" encoding="UTF-8" standalone="no"?>
<!DOCTYPE log SYSTEM "logger.dtd">
<log>
<record>
  <date>2019-08-29T22:11:02.060-0300</date>
  <logger>RUAN GOMES DE OLIVEIRA ALVES</logger>
  <level>FINE</level>
  <message>File 118210616-RUAN GOMES DE OLIVEIRA ALVES.zip was received. It was sent by RUAN GOMES DE OLIVEIRA ALVES from IP 192.168.15.5 at 29-08-2019 22*11*02</message>
</record>
