<?xml version="1.0" encoding="UTF-8" standalone="no"?>
<!DOCTYPE log SYSTEM "logger.dtd">
<log>
<record>
  <date>2019-09-02T16:12:54.684-0300</date>
  <logger>RUAN GOMES DE OLIVEIRA ALVES</logger>
  <level>FINE</level>
  <message>File 118210616-RUAN GOMES DE OLIVEIRA ALVES.zip was received. It was sent by RUAN GOMES DE OLIVEIRA ALVES from IP 150.165.42.146 at 02-09-2019 16*12*54</message>
</record>
</log>
<?xml version="1.0" encoding="UTF-8" standalone="no"?>
<!DOCTYPE log SYSTEM "logger.dtd">
<log>
<record>
  <date>2019-09-02T21:46:36.651-0300</date>
  <logger>RUAN GOMES DE OLIVEIRA ALVES</logger>
  <level>FINE</level>
  <message>File 118210616-RUAN GOMES DE OLIVEIRA ALVES.zip was received. It was sent by RUAN GOMES DE OLIVEIRA ALVES from IP 192.168.15.5 at 02-09-2019 21*46*36</message>
</record>
</log>
<?xml version="1.0" encoding="UTF-8" standalone="no"?>
<!DOCTYPE log SYSTEM "logger.dtd">
<log>
<record>
  <date>2019-09-02T21:52:23.563-0300</date>
  <logger>RUAN GOMES DE OLIVEIRA ALVES</logger>
  <level>FINE</level>
  <message>File 118210616-RUAN GOMES DE OLIVEIRA ALVES.zip was received. It was sent by RUAN GOMES DE OLIVEIRA ALVES from IP 192.168.15.5 at 02-09-2019 21*52*23</message>
</record>
</log>
<?xml version="1.0" encoding="UTF-8" standalone="no"?>
<!DOCTYPE log SYSTEM "logger.dtd">
<log>
<record>
  <date>2019-09-02T21:57:07.569-0300</date>
  <logger>RUAN GOMES DE OLIVEIRA ALVES</logger>
  <level>FINE</level>
  <message>File 118210616-RUAN GOMES DE OLIVEIRA ALVES.zip was received. It was sent by RUAN GOMES DE OLIVEIRA ALVES from IP 192.168.15.5 at 02-09-2019 21*57*07</message>
</record>
</log>
<?xml version="1.0" encoding="UTF-8" standalone="no"?>
<!DOCTYPE log SYSTEM "logger.dtd">
<log>
<record>
  <date>2019-09-02T22:22:01.497-0300</date>
  <logger>RUAN GOMES DE OLIVEIRA ALVES</logger>
  <level>FINE</level>
  <message>File 118210616-RUAN GOMES DE OLIVEIRA ALVES.zip was received. It was sent by RUAN GOMES DE OLIVEIRA ALVES from IP 192.168.15.5 at 02-09-2019 22*22*01</message>
</record>
